[debug] [2020-04-25T19:59:29.054Z] ----------------------------------------------------------------------
[debug] [2020-04-25T19:59:29.061Z] Command:       C:\Program Files\nodejs\node.exe C:\Users\GUILLERMINA\AppData\Roaming\npm\node_modules\firebase-tools\lib\bin\firebase.js deploy --only functions
[debug] [2020-04-25T19:59:29.062Z] CLI Version:   8.0.3
[debug] [2020-04-25T19:59:29.063Z] Platform:      win32
[debug] [2020-04-25T19:59:29.063Z] Node Version:  v12.14.0
[debug] [2020-04-25T19:59:29.066Z] Time:          Sat Apr 25 2020 16:59:29 GMT-0300 (GMT-03:00)
[debug] [2020-04-25T19:59:29.067Z] ----------------------------------------------------------------------
[debug] [2020-04-25T19:59:29.067Z] 
[debug] [2020-04-25T19:59:29.099Z] > command requires scopes: ["email","openid","https://www.googleapis.com/auth/cloudplatformprojects.readonly","https://www.googleapis.com/auth/firebase","https://www.googleapis.com/auth/cloud-platform"]
[debug] [2020-04-25T19:59:29.101Z] > authorizing via signed-in user
[debug] [2020-04-25T19:59:29.102Z] [iam] checking project central-vet-pigue for permissions ["cloudfunctions.functions.create","cloudfunctions.functions.delete","cloudfunctions.functions.get","cloudfunctions.functions.list","cloudfunctions.functions.update","cloudfunctions.operations.get","firebase.projects.get"]
[debug] [2020-04-25T19:59:29.113Z] >>> HTTP REQUEST POST https://cloudresourcemanager.googleapis.com/v1/projects/central-vet-pigue:testIamPermissions  
 {"permissions":["cloudfunctions.functions.create","cloudfunctions.functions.delete","cloudfunctions.functions.get","cloudfunctions.functions.list","cloudfunctions.functions.update","cloudfunctions.operations.get","firebase.projects.get"]}
[debug] [2020-04-25T19:59:30.509Z] <<< HTTP RESPONSE 200 {"content-type":"application/json; charset=UTF-8","vary":"X-Origin, Referer, Origin,Accept-Encoding","date":"Sat, 25 Apr 2020 19:59:38 GMT","server":"ESF","cache-control":"private","x-xss-protection":"0","x-frame-options":"SAMEORIGIN","x-content-type-options":"nosniff","server-timing":"gfet4t7; dur=1061","alt-svc":"quic=\":443\"; ma=2592000; v=\"46,43\",h3-Q050=\":443\"; ma=2592000,h3-Q049=\":443\"; ma=2592000,h3-Q048=\":443\"; ma=2592000,h3-Q046=\":443\"; ma=2592000,h3-Q043=\":443\"; ma=2592000,h3-T050=\":443\"; ma=2592000","accept-ranges":"none","transfer-encoding":"chunked"}
[debug] [2020-04-25T19:59:30.514Z] >>> HTTP REQUEST POST https://iam.googleapis.com/v1/projects/central-vet-pigue/serviceAccounts/central-vet-pigue@appspot.gserviceaccount.com:testIamPermissions  
 {"permissions":["iam.serviceAccounts.actAs"]}
[debug] [2020-04-25T19:59:32.000Z] <<< HTTP RESPONSE 200 {"content-type":"application/json; charset=UTF-8","vary":"X-Origin, Referer, Origin,Accept-Encoding","date":"Sat, 25 Apr 2020 19:59:39 GMT","server":"ESF","cache-control":"private","x-xss-protection":"0","x-frame-options":"SAMEORIGIN","x-content-type-options":"nosniff","alt-svc":"quic=\":443\"; ma=2592000; v=\"46,43\",h3-Q050=\":443\"; ma=2592000,h3-Q049=\":443\"; ma=2592000,h3-Q048=\":443\"; ma=2592000,h3-Q046=\":443\"; ma=2592000,h3-Q043=\":443\"; ma=2592000,h3-T050=\":443\"; ma=2592000","accept-ranges":"none","transfer-encoding":"chunked"}
[info] 
[info] === Deploying to 'central-vet-pigue'...
[info] 
[info] i  deploying functions
[info] Running command: npm --prefix "$RESOURCE_DIR" run lint
